<?xml version="1.0" encoding="UTF-8"?>
<!-- Generated by org.testng.reporters.JUnitReportReporter -->
<testsuite hostname="DESKTOP-U3588VV" name="com.amazonprimepack.TestBase" tests="1" failures="0" timestamp="29 Mar 2019 02:54:59 GMT" time="61.724" errors="0">
  <testcase name="test_Home_Page" time="61.724" classname="com.amazonprimepack.TestBase"/>
</testsuite> <!-- com.amazonprimepack.TestBase -->
