<?xml version="1.0" encoding="UTF-8"?>
<!-- Generated by org.testng.reporters.JUnitReportReporter -->
<testsuite skipped="0" hostname="DESKTOP-U3588VV" name="com.amazonprimepack.TestBase" tests="1" failures="0" timestamp="29 Mar 2019 03:33:16 GMT" time="104.545" errors="0">
  <testcase name="test_Home_Page" time="104.545" classname="com.amazonprimepack.TestBase"/>
</testsuite> <!-- com.amazonprimepack.TestBase -->
