<?xml version="1.0" encoding="UTF-8"?>
<!-- Generated by org.testng.reporters.JUnitReportReporter -->
<testsuite hostname="DESKTOP-U3588VV" name="com.amazonprimepack.TestBase" tests="1" failures="0" timestamp="31 Mar 2019 18:48:43 GMT" time="59.206" errors="0">
  <testcase name="test_Home_Page" time="59.206" classname="com.amazonprimepack.TestBase"/>
</testsuite> <!-- com.amazonprimepack.TestBase -->
